<?xml version="1.0" encoding="UTF-8"?>
<testsuite xmlns:xsi="http://www.w3.org/2001/XMLSchema-instance" xsi:noNamespaceSchemaLocation="https://maven.apache.org/surefire/maven-surefire-plugin/xsd/surefire-test-report.xsd" name="org.springframework.samples.petclinic.visits.web.VisitResourceTest" time="4.79" tests="1" errors="0" skipped="0" failures="0">
  <properties>
    <property name="git.tags" value=""/>
    <property name="java.specification.version" value="17"/>
    <property name="sun.cpu.isalist" value="amd64"/>
    <property name="sun.jnu.encoding" value="Cp1252"/>
    <property name="git.build.version" value="3.0.1"/>
    <property name="java.class.path" value="C:\Users\91998\azure\otel\PetClinic-modified\spring-petclinic-visits-service\target\test-classes;C:\Users\91998\azure\otel\PetClinic-modified\spring-petclinic-visits-service\target\classes;C:\Users\91998\.m2\repository\org\springframework\boot\spring-boot-starter-actuator\3.0.1\spring-boot-starter-actuator-3.0.1.jar;C:\Users\91998\.m2\repository\org\springframework\boot\spring-boot-starter\3.0.1\spring-boot-starter-3.0.1.jar;C:\Users\91998\.m2\repository\org\springframework\boot\spring-boot\3.0.1\spring-boot-3.0.1.jar;C:\Users\91998\.m2\repository\org\springframework\boot\spring-boot-autoconfigure\3.0.1\spring-boot-autoconfigure-3.0.1.jar;C:\Users\91998\.m2\repository\org\springframework\boot\spring-boot-starter-logging\3.0.1\spring-boot-starter-logging-3.0.1.jar;C:\Users\91998\.m2\repository\ch\qos\logback\logback-classic\1.4.5\logback-classic-1.4.5.jar;C:\Users\91998\.m2\repository\ch\qos\logback\logback-core\1.4.5\logback-core-1.4.5.jar;C:\Users\91998\.m2\repository\org\apache\logging\log4j\log4j-to-slf4j\2.19.0\log4j-to-slf4j-2.19.0.jar;C:\Users\91998\.m2\repository\org\apache\logging\log4j\log4j-api\2.19.0\log4j-api-2.19.0.jar;C:\Users\91998\.m2\repository\org\slf4j\jul-to-slf4j\2.0.6\jul-to-slf4j-2.0.6.jar;C:\Users\91998\.m2\repository\jakarta\annotation\jakarta.annotation-api\2.1.1\jakarta.annotation-api-2.1.1.jar;C:\Users\91998\.m2\repository\org\yaml\snakeyaml\1.33\snakeyaml-1.33.jar;C:\Users\91998\.m2\repository\org\springframework\boot\spring-boot-actuator-autoconfigure\3.0.1\spring-boot-actuator-autoconfigure-3.0.1.jar;C:\Users\91998\.m2\repository\org\springframework\boot\spring-boot-actuator\3.0.1\spring-boot-actuator-3.0.1.jar;C:\Users\91998\.m2\repository\com\fasterxml\jackson\datatype\jackson-datatype-jsr310\2.14.1\jackson-datatype-jsr310-2.14.1.jar;C:\Users\91998\.m2\repository\io\micrometer\micrometer-observation\1.10.2\micrometer-observation-1.10.2.jar;C:\Users\91998\.m2\repository\io\micrometer\micrometer-commons\1.10.2\micrometer-commons-1.10.2.jar;C:\Users\91998\.m2\repository\io\micrometer\micrometer-core\1.10.2\micrometer-core-1.10.2.jar;C:\Users\91998\.m2\repository\org\hdrhistogram\HdrHistogram\2.1.12\HdrHistogram-2.1.12.jar;C:\Users\91998\.m2\repository\org\latencyutils\LatencyUtils\2.0.3\LatencyUtils-2.0.3.jar;C:\Users\91998\.m2\repository\org\springframework\boot\spring-boot-starter-data-jpa\3.0.1\spring-boot-starter-data-jpa-3.0.1.jar;C:\Users\91998\.m2\repository\org\springframework\boot\spring-boot-starter-aop\3.0.1\spring-boot-starter-aop-3.0.1.jar;C:\Users\91998\.m2\repository\org\springframework\spring-aop\6.0.3\spring-aop-6.0.3.jar;C:\Users\91998\.m2\repository\org\springframework\boot\spring-boot-starter-jdbc\3.0.1\spring-boot-starter-jdbc-3.0.1.jar;C:\Users\91998\.m2\repository\com\zaxxer\HikariCP\5.0.1\HikariCP-5.0.1.jar;C:\Users\91998\.m2\repository\org\springframework\spring-jdbc\6.0.3\spring-jdbc-6.0.3.jar;C:\Users\91998\.m2\repository\org\hibernate\orm\hibernate-core\6.1.6.Final\hibernate-core-6.1.6.Final.jar;C:\Users\91998\.m2\repository\jakarta\persistence\jakarta.persistence-api\3.1.0\jakarta.persistence-api-3.1.0.jar;C:\Users\91998\.m2\repository\jakarta\transaction\jakarta.transaction-api\2.0.1\jakarta.transaction-api-2.0.1.jar;C:\Users\91998\.m2\repository\org\jboss\logging\jboss-logging\3.5.0.Final\jboss-logging-3.5.0.Final.jar;C:\Users\91998\.m2\repository\org\hibernate\common\hibernate-commons-annotations\6.0.2.Final\hibernate-commons-annotations-6.0.2.Final.jar;C:\Users\91998\.m2\repository\org\jboss\jandex\2.4.2.Final\jandex-2.4.2.Final.jar;C:\Users\91998\.m2\repository\com\fasterxml\classmate\1.5.1\classmate-1.5.1.jar;C:\Users\91998\.m2\repository\net\bytebuddy\byte-buddy\1.12.20\byte-buddy-1.12.20.jar;C:\Users\91998\.m2\repository\org\glassfish\jaxb\jaxb-runtime\4.0.1\jaxb-runtime-4.0.1.jar;C:\Users\91998\.m2\repository\org\glassfish\jaxb\jaxb-core\4.0.1\jaxb-core-4.0.1.jar;C:\Users\91998\.m2\repository\org\eclipse\angus\angus-activation\1.0.0\angus-activation-1.0.0.jar;C:\Users\91998\.m2\repository\org\glassfish\jaxb\txw2\4.0.1\txw2-4.0.1.jar;C:\Users\91998\.m2\repository\com\sun\istack\istack-commons-runtime\4.1.1\istack-commons-runtime-4.1.1.jar;C:\Users\91998\.m2\repository\jakarta\inject\jakarta.inject-api\2.0.0\jakarta.inject-api-2.0.0.jar;C:\Users\91998\.m2\repository\org\antlr\antlr4-runtime\4.10.1\antlr4-runtime-4.10.1.jar;C:\Users\91998\.m2\repository\org\springframework\data\spring-data-jpa\3.0.0\spring-data-jpa-3.0.0.jar;C:\Users\91998\.m2\repository\org\springframework\data\spring-data-commons\3.0.0\spring-data-commons-3.0.0.jar;C:\Users\91998\.m2\repository\org\springframework\spring-orm\6.0.3\spring-orm-6.0.3.jar;C:\Users\91998\.m2\repository\org\springframework\spring-context\6.0.3\spring-context-6.0.3.jar;C:\Users\91998\.m2\repository\org\springframework\spring-tx\6.0.3\spring-tx-6.0.3.jar;C:\Users\91998\.m2\repository\org\springframework\spring-beans\6.0.3\spring-beans-6.0.3.jar;C:\Users\91998\.m2\repository\org\slf4j\slf4j-api\2.0.6\slf4j-api-2.0.6.jar;C:\Users\91998\.m2\repository\org\springframework\spring-aspects\6.0.3\spring-aspects-6.0.3.jar;C:\Users\91998\.m2\repository\org\springframework\boot\spring-boot-starter-web\3.0.1\spring-boot-starter-web-3.0.1.jar;C:\Users\91998\.m2\repository\org\springframework\boot\spring-boot-starter-json\3.0.1\spring-boot-starter-json-3.0.1.jar;C:\Users\91998\.m2\repository\com\fasterxml\jackson\datatype\jackson-datatype-jdk8\2.14.1\jackson-datatype-jdk8-2.14.1.jar;C:\Users\91998\.m2\repository\com\fasterxml\jackson\module\jackson-module-parameter-names\2.14.1\jackson-module-parameter-names-2.14.1.jar;C:\Users\91998\.m2\repository\org\springframework\boot\spring-boot-starter-tomcat\3.0.1\spring-boot-starter-tomcat-3.0.1.jar;C:\Users\91998\.m2\repository\org\apache\tomcat\embed\tomcat-embed-core\10.1.4\tomcat-embed-core-10.1.4.jar;C:\Users\91998\.m2\repository\org\apache\tomcat\embed\tomcat-embed-el\10.1.4\tomcat-embed-el-10.1.4.jar;C:\Users\91998\.m2\repository\org\apache\tomcat\embed\tomcat-embed-websocket\10.1.4\tomcat-embed-websocket-10.1.4.jar;C:\Users\91998\.m2\repository\org\springframework\spring-web\6.0.3\spring-web-6.0.3.jar;C:\Users\91998\.m2\repository\org\springframework\spring-webmvc\6.0.3\spring-webmvc-6.0.3.jar;C:\Users\91998\.m2\repository\org\springframework\spring-expression\6.0.3\spring-expression-6.0.3.jar;C:\Users\91998\.m2\repository\org\springframework\boot\spring-boot-starter-test\3.0.1\spring-boot-starter-test-3.0.1.jar;C:\Users\91998\.m2\repository\org\springframework\boot\spring-boot-test\3.0.1\spring-boot-test-3.0.1.jar;C:\Users\91998\.m2\repository\org\springframework\boot\spring-boot-test-autoconfigure\3.0.1\spring-boot-test-autoconfigure-3.0.1.jar;C:\Users\91998\.m2\repository\com\jayway\jsonpath\json-path\2.7.0\json-path-2.7.0.jar;C:\Users\91998\.m2\repository\net\minidev\json-smart\2.4.8\json-smart-2.4.8.jar;C:\Users\91998\.m2\repository\net\minidev\accessors-smart\2.4.8\accessors-smart-2.4.8.jar;C:\Users\91998\.m2\repository\org\ow2\asm\asm\9.1\asm-9.1.jar;C:\Users\91998\.m2\repository\jakarta\xml\bind\jakarta.xml.bind-api\4.0.0\jakarta.xml.bind-api-4.0.0.jar;C:\Users\91998\.m2\repository\jakarta\activation\jakarta.activation-api\2.1.0\jakarta.activation-api-2.1.0.jar;C:\Users\91998\.m2\repository\org\assertj\assertj-core\3.17.1\assertj-core-3.17.1.jar;C:\Users\91998\.m2\repository\org\hamcrest\hamcrest\2.2\hamcrest-2.2.jar;C:\Users\91998\.m2\repository\org\junit\jupiter\junit-jupiter\5.9.1\junit-jupiter-5.9.1.jar;C:\Users\91998\.m2\repository\org\junit\jupiter\junit-jupiter-params\5.9.1\junit-jupiter-params-5.9.1.jar;C:\Users\91998\.m2\repository\org\mockito\mockito-core\4.8.1\mockito-core-4.8.1.jar;C:\Users\91998\.m2\repository\net\bytebuddy\byte-buddy-agent\1.12.20\byte-buddy-agent-1.12.20.jar;C:\Users\91998\.m2\repository\org\objenesis\objenesis\3.2\objenesis-3.2.jar;C:\Users\91998\.m2\repository\org\mockito\mockito-junit-jupiter\4.8.1\mockito-junit-jupiter-4.8.1.jar;C:\Users\91998\.m2\repository\org\skyscreamer\jsonassert\1.5.1\jsonassert-1.5.1.jar;C:\Users\91998\.m2\repository\com\vaadin\external\google\android-json\0.0.20131108.vaadin1\android-json-0.0.20131108.vaadin1.jar;C:\Users\91998\.m2\repository\org\springframework\spring-core\6.0.3\spring-core-6.0.3.jar;C:\Users\91998\.m2\repository\org\springframework\spring-jcl\6.0.3\spring-jcl-6.0.3.jar;C:\Users\91998\.m2\repository\org\springframework\spring-test\6.0.3\spring-test-6.0.3.jar;C:\Users\91998\.m2\repository\org\xmlunit\xmlunit-core\2.9.0\xmlunit-core-2.9.0.jar;C:\Users\91998\.m2\repository\org\springframework\cloud\spring-cloud-starter-bootstrap\4.0.0\spring-cloud-starter-bootstrap-4.0.0.jar;C:\Users\91998\.m2\repository\org\springframework\cloud\spring-cloud-starter\4.0.0\spring-cloud-starter-4.0.0.jar;C:\Users\91998\.m2\repository\org\springframework\cloud\spring-cloud-context\4.0.0\spring-cloud-context-4.0.0.jar;C:\Users\91998\.m2\repository\org\springframework\security\spring-security-crypto\6.0.1\spring-security-crypto-6.0.1.jar;C:\Users\91998\.m2\repository\org\springframework\cloud\spring-cloud-commons\4.0.0\spring-cloud-commons-4.0.0.jar;C:\Users\91998\.m2\repository\org\springframework\security\spring-security-rsa\1.0.11.RELEASE\spring-security-rsa-1.0.11.RELEASE.jar;C:\Users\91998\.m2\repository\org\bouncycastle\bcpkix-jdk15on\1.69\bcpkix-jdk15on-1.69.jar;C:\Users\91998\.m2\repository\org\bouncycastle\bcprov-jdk15on\1.69\bcprov-jdk15on-1.69.jar;C:\Users\91998\.m2\repository\org\bouncycastle\bcutil-jdk15on\1.69\bcutil-jdk15on-1.69.jar;C:\Users\91998\.m2\repository\org\springframework\cloud\spring-cloud-starter-config\4.0.0\spring-cloud-starter-config-4.0.0.jar;C:\Users\91998\.m2\repository\org\springframework\cloud\spring-cloud-config-client\4.0.0\spring-cloud-config-client-4.0.0.jar;C:\Users\91998\.m2\repository\com\fasterxml\jackson\core\jackson-annotations\2.14.1\jackson-annotations-2.14.1.jar;C:\Users\91998\.m2\repository\org\apache\httpcomponents\client5\httpclient5\5.1.4\httpclient5-5.1.4.jar;C:\Users\91998\.m2\repository\org\apache\httpcomponents\core5\httpcore5\5.1.5\httpcore5-5.1.5.jar;C:\Users\91998\.m2\repository\org\apache\httpcomponents\core5\httpcore5-h2\5.1.5\httpcore5-h2-5.1.5.jar;C:\Users\91998\.m2\repository\commons-codec\commons-codec\1.15\commons-codec-1.15.jar;C:\Users\91998\.m2\repository\com\fasterxml\jackson\core\jackson-databind\2.14.1\jackson-databind-2.14.1.jar;C:\Users\91998\.m2\repository\com\fasterxml\jackson\core\jackson-core\2.14.1\jackson-core-2.14.1.jar;C:\Users\91998\.m2\repository\org\springframework\cloud\spring-cloud-starter-netflix-eureka-client\4.0.0\spring-cloud-starter-netflix-eureka-client-4.0.0.jar;C:\Users\91998\.m2\repository\org\springframework\cloud\spring-cloud-netflix-eureka-client\4.0.0\spring-cloud-netflix-eureka-client-4.0.0.jar;C:\Users\91998\.m2\repository\com\netflix\eureka\eureka-client\2.0.0\eureka-client-2.0.0.jar;C:\Users\91998\.m2\repository\com\netflix\netflix-commons\netflix-eventbus\0.3.0\netflix-eventbus-0.3.0.jar;C:\Users\91998\.m2\repository\com\netflix\netflix-commons\netflix-infix\0.3.0\netflix-infix-0.3.0.jar;C:\Users\91998\.m2\repository\commons-jxpath\commons-jxpath\1.3\commons-jxpath-1.3.jar;C:\Users\91998\.m2\repository\joda-time\joda-time\2.3\joda-time-2.3.jar;C:\Users\91998\.m2\repository\org\antlr\antlr-runtime\3.4\antlr-runtime-3.4.jar;C:\Users\91998\.m2\repository\org\antlr\stringtemplate\3.2.1\stringtemplate-3.2.1.jar;C:\Users\91998\.m2\repository\antlr\antlr\2.7.7\antlr-2.7.7.jar;C:\Users\91998\.m2\repository\com\google\code\gson\gson\2.9.1\gson-2.9.1.jar;C:\Users\91998\.m2\repository\org\apache\commons\commons-math\2.2\commons-math-2.2.jar;C:\Users\91998\.m2\repository\com\thoughtworks\xstream\xstream\1.4.19\xstream-1.4.19.jar;C:\Users\91998\.m2\repository\io\github\x-stream\mxparser\1.2.2\mxparser-1.2.2.jar;C:\Users\91998\.m2\repository\xmlpull\xmlpull\1.1.3.1\xmlpull-1.1.3.1.jar;C:\Users\91998\.m2\repository\jakarta\ws\rs\jakarta.ws.rs-api\3.1.0\jakarta.ws.rs-api-3.1.0.jar;C:\Users\91998\.m2\repository\com\netflix\servo\servo-core\0.12.21\servo-core-0.12.21.jar;C:\Users\91998\.m2\repository\com\google\guava\guava\19.0\guava-19.0.jar;C:\Users\91998\.m2\repository\org\apache\httpcomponents\httpclient\4.5.14\httpclient-4.5.14.jar;C:\Users\91998\.m2\repository\org\apache\httpcomponents\httpcore\4.4.16\httpcore-4.4.16.jar;C:\Users\91998\.m2\repository\commons-configuration\commons-configuration\1.10\commons-configuration-1.10.jar;C:\Users\91998\.m2\repository\commons-lang\commons-lang\2.6\commons-lang-2.6.jar;C:\Users\91998\.m2\repository\org\codehaus\jettison\jettison\1.4.0\jettison-1.4.0.jar;C:\Users\91998\.m2\repository\com\netflix\eureka\eureka-core\2.0.0\eureka-core-2.0.0.jar;C:\Users\91998\.m2\repository\jakarta\servlet\jakarta.servlet-api\6.0.0\jakarta.servlet-api-6.0.0.jar;C:\Users\91998\.m2\repository\com\fasterxml\woodstox\woodstox-core\6.2.1\woodstox-core-6.2.1.jar;C:\Users\91998\.m2\repository\org\codehaus\woodstox\stax2-api\4.2.1\stax2-api-4.2.1.jar;C:\Users\91998\.m2\repository\org\springframework\cloud\spring-cloud-starter-loadbalancer\4.0.0\spring-cloud-starter-loadbalancer-4.0.0.jar;C:\Users\91998\.m2\repository\org\springframework\cloud\spring-cloud-loadbalancer\4.0.0\spring-cloud-loadbalancer-4.0.0.jar;C:\Users\91998\.m2\repository\io\projectreactor\reactor-core\3.5.1\reactor-core-3.5.1.jar;C:\Users\91998\.m2\repository\org\reactivestreams\reactive-streams\1.0.4\reactive-streams-1.0.4.jar;C:\Users\91998\.m2\repository\io\projectreactor\addons\reactor-extra\3.5.0\reactor-extra-3.5.0.jar;C:\Users\91998\.m2\repository\org\springframework\boot\spring-boot-starter-cache\3.0.1\spring-boot-starter-cache-3.0.1.jar;C:\Users\91998\.m2\repository\org\springframework\spring-context-support\6.0.3\spring-context-support-6.0.3.jar;C:\Users\91998\.m2\repository\com\stoyanr\evictor\1.0.0\evictor-1.0.0.jar;C:\Users\91998\.m2\repository\com\azure\spring\spring-cloud-azure-starter-jdbc-mysql\5.0.0\spring-cloud-azure-starter-jdbc-mysql-5.0.0.jar;C:\Users\91998\.m2\repository\com\azure\spring\spring-cloud-azure-starter\5.0.0\spring-cloud-azure-starter-5.0.0.jar;C:\Users\91998\.m2\repository\com\azure\spring\spring-cloud-azure-autoconfigure\5.0.0\spring-cloud-azure-autoconfigure-5.0.0.jar;C:\Users\91998\.m2\repository\com\azure\spring\spring-cloud-azure-service\5.0.0\spring-cloud-azure-service-5.0.0.jar;C:\Users\91998\.m2\repository\com\azure\spring\spring-cloud-azure-core\5.0.0\spring-cloud-azure-core-5.0.0.jar;C:\Users\91998\.m2\repository\com\azure\azure-core-amqp\2.8.0\azure-core-amqp-2.8.0.jar;C:\Users\91998\.m2\repository\com\microsoft\azure\qpid-proton-j-extensions\1.2.4\qpid-proton-j-extensions-1.2.4.jar;C:\Users\91998\.m2\repository\org\apache\qpid\proton-j\0.33.8\proton-j-0.33.8.jar;C:\Users\91998\.m2\repository\com\azure\azure-core-management\1.9.0\azure-core-management-1.9.0.jar;C:\Users\91998\.m2\repository\jakarta\validation\jakarta.validation-api\3.0.2\jakarta.validation-api-3.0.2.jar;C:\Users\91998\.m2\repository\com\azure\azure-identity-extensions\1.0.0\azure-identity-extensions-1.0.0.jar;C:\Users\91998\.m2\repository\com\azure\azure-identity\1.7.2\azure-identity-1.7.2.jar;C:\Users\91998\.m2\repository\com\azure\azure-core\1.34.0\azure-core-1.34.0.jar;C:\Users\91998\.m2\repository\com\fasterxml\jackson\dataformat\jackson-dataformat-xml\2.14.1\jackson-dataformat-xml-2.14.1.jar;C:\Users\91998\.m2\repository\com\azure\azure-core-http-netty\1.12.7\azure-core-http-netty-1.12.7.jar;C:\Users\91998\.m2\repository\io\netty\netty-handler\4.1.86.Final\netty-handler-4.1.86.Final.jar;C:\Users\91998\.m2\repository\io\netty\netty-common\4.1.86.Final\netty-common-4.1.86.Final.jar;C:\Users\91998\.m2\repository\io\netty\netty-resolver\4.1.86.Final\netty-resolver-4.1.86.Final.jar;C:\Users\91998\.m2\repository\io\netty\netty-transport\4.1.86.Final\netty-transport-4.1.86.Final.jar;C:\Users\91998\.m2\repository\io\netty\netty-codec\4.1.86.Final\netty-codec-4.1.86.Final.jar;C:\Users\91998\.m2\repository\io\netty\netty-handler-proxy\4.1.86.Final\netty-handler-proxy-4.1.86.Final.jar;C:\Users\91998\.m2\repository\io\netty\netty-codec-socks\4.1.86.Final\netty-codec-socks-4.1.86.Final.jar;C:\Users\91998\.m2\repository\io\netty\netty-buffer\4.1.86.Final\netty-buffer-4.1.86.Final.jar;C:\Users\91998\.m2\repository\io\netty\netty-codec-http\4.1.86.Final\netty-codec-http-4.1.86.Final.jar;C:\Users\91998\.m2\repository\io\netty\netty-codec-http2\4.1.86.Final\netty-codec-http2-4.1.86.Final.jar;C:\Users\91998\.m2\repository\io\netty\netty-transport-native-unix-common\4.1.86.Final\netty-transport-native-unix-common-4.1.86.Final.jar;C:\Users\91998\.m2\repository\io\netty\netty-transport-native-epoll\4.1.86.Final\netty-transport-native-epoll-4.1.86.Final-linux-x86_64.jar;C:\Users\91998\.m2\repository\io\netty\netty-transport-classes-epoll\4.1.86.Final\netty-transport-classes-epoll-4.1.86.Final.jar;C:\Users\91998\.m2\repository\io\netty\netty-transport-native-kqueue\4.1.86.Final\netty-transport-native-kqueue-4.1.86.Final-osx-x86_64.jar;C:\Users\91998\.m2\repository\io\netty\netty-transport-classes-kqueue\4.1.86.Final\netty-transport-classes-kqueue-4.1.86.Final.jar;C:\Users\91998\.m2\repository\io\netty\netty-tcnative-boringssl-static\2.0.54.Final\netty-tcnative-boringssl-static-2.0.54.Final.jar;C:\Users\91998\.m2\repository\io\netty\netty-tcnative-classes\2.0.54.Final\netty-tcnative-classes-2.0.54.Final.jar;C:\Users\91998\.m2\repository\io\netty\netty-tcnative-boringssl-static\2.0.54.Final\netty-tcnative-boringssl-static-2.0.54.Final-linux-x86_64.jar;C:\Users\91998\.m2\repository\io\netty\netty-tcnative-boringssl-static\2.0.54.Final\netty-tcnative-boringssl-static-2.0.54.Final-linux-aarch_64.jar;C:\Users\91998\.m2\repository\io\netty\netty-tcnative-boringssl-static\2.0.54.Final\netty-tcnative-boringssl-static-2.0.54.Final-osx-x86_64.jar;C:\Users\91998\.m2\repository\io\netty\netty-tcnative-boringssl-static\2.0.54.Final\netty-tcnative-boringssl-static-2.0.54.Final-osx-aarch_64.jar;C:\Users\91998\.m2\repository\io\netty\netty-tcnative-boringssl-static\2.0.54.Final\netty-tcnative-boringssl-static-2.0.54.Final-windows-x86_64.jar;C:\Users\91998\.m2\repository\io\projectreactor\netty\reactor-netty-http\1.1.1\reactor-netty-http-1.1.1.jar;C:\Users\91998\.m2\repository\io\netty\netty-resolver-dns\4.1.86.Final\netty-resolver-dns-4.1.86.Final.jar;C:\Users\91998\.m2\repository\io\netty\netty-codec-dns\4.1.86.Final\netty-codec-dns-4.1.86.Final.jar;C:\Users\91998\.m2\repository\io\netty\netty-resolver-dns-native-macos\4.1.86.Final\netty-resolver-dns-native-macos-4.1.86.Final-osx-x86_64.jar;C:\Users\91998\.m2\repository\io\netty\netty-resolver-dns-classes-macos\4.1.86.Final\netty-resolver-dns-classes-macos-4.1.86.Final.jar;C:\Users\91998\.m2\repository\io\projectreactor\netty\reactor-netty-core\1.1.1\reactor-netty-core-1.1.1.jar;C:\Users\91998\.m2\repository\com\microsoft\azure\msal4j\1.13.3\msal4j-1.13.3.jar;C:\Users\91998\.m2\repository\com\nimbusds\oauth2-oidc-sdk\9.35\oauth2-oidc-sdk-9.35.jar;C:\Users\91998\.m2\repository\com\github\stephenc\jcip\jcip-annotations\1.0-1\jcip-annotations-1.0-1.jar;C:\Users\91998\.m2\repository\com\nimbusds\content-type\2.2\content-type-2.2.jar;C:\Users\91998\.m2\repository\com\nimbusds\lang-tag\1.6\lang-tag-1.6.jar;C:\Users\91998\.m2\repository\com\nimbusds\nimbus-jose-jwt\9.22\nimbus-jose-jwt-9.22.jar;C:\Users\91998\.m2\repository\com\microsoft\azure\msal4j-persistence-extension\1.1.0\msal4j-persistence-extension-1.1.0.jar;C:\Users\91998\.m2\repository\net\java\dev\jna\jna\5.5.0\jna-5.5.0.jar;C:\Users\91998\.m2\repository\net\java\dev\jna\jna-platform\5.6.0\jna-platform-5.6.0.jar;C:\Users\91998\.m2\repository\org\projectlombok\lombok\1.18.24\lombok-1.18.24.jar;C:\Users\91998\.m2\repository\org\postgresql\postgresql\42.5.1\postgresql-42.5.1.jar;C:\Users\91998\.m2\repository\org\checkerframework\checker-qual\3.5.0\checker-qual-3.5.0.jar;C:\Users\91998\.m2\repository\org\hsqldb\hsqldb\2.7.1\hsqldb-2.7.1.jar;C:\Users\91998\.m2\repository\org\jolokia\jolokia-core\1.7.1\jolokia-core-1.7.1.jar;C:\Users\91998\.m2\repository\com\googlecode\json-simple\json-simple\1.1.1\json-simple-1.1.1.jar;C:\Users\91998\.m2\repository\com\mysql\mysql-connector-j\8.0.31\mysql-connector-j-8.0.31.jar;C:\Users\91998\.m2\repository\io\micrometer\micrometer-registry-prometheus\1.10.2\micrometer-registry-prometheus-1.10.2.jar;C:\Users\91998\.m2\repository\io\prometheus\simpleclient_common\0.16.0\simpleclient_common-0.16.0.jar;C:\Users\91998\.m2\repository\io\prometheus\simpleclient\0.16.0\simpleclient-0.16.0.jar;C:\Users\91998\.m2\repository\io\prometheus\simpleclient_tracer_otel\0.16.0\simpleclient_tracer_otel-0.16.0.jar;C:\Users\91998\.m2\repository\io\prometheus\simpleclient_tracer_common\0.16.0\simpleclient_tracer_common-0.16.0.jar;C:\Users\91998\.m2\repository\io\prometheus\simpleclient_tracer_otel_agent\0.16.0\simpleclient_tracer_otel_agent-0.16.0.jar;C:\Users\91998\.m2\repository\de\codecentric\chaos-monkey-spring-boot\2.3.10\chaos-monkey-spring-boot-2.3.10.jar;C:\Users\91998\.m2\repository\org\springframework\spring-instrument\6.0.3\spring-instrument-6.0.3.jar;C:\Users\91998\.m2\repository\org\aspectj\aspectjweaver\1.9.19\aspectjweaver-1.9.19.jar;C:\Users\91998\.m2\repository\org\springframework\boot\spring-boot-starter-validation\3.0.1\spring-boot-starter-validation-3.0.1.jar;C:\Users\91998\.m2\repository\org\hibernate\validator\hibernate-validator\8.0.0.Final\hibernate-validator-8.0.0.Final.jar;C:\Users\91998\.m2\repository\org\springframework\boot\spring-boot-configuration-processor\3.0.1\spring-boot-configuration-processor-3.0.1.jar;C:\Users\91998\.m2\repository\org\junit\jupiter\junit-jupiter-api\5.9.1\junit-jupiter-api-5.9.1.jar;C:\Users\91998\.m2\repository\org\opentest4j\opentest4j\1.2.0\opentest4j-1.2.0.jar;C:\Users\91998\.m2\repository\org\junit\platform\junit-platform-commons\1.9.1\junit-platform-commons-1.9.1.jar;C:\Users\91998\.m2\repository\org\apiguardian\apiguardian-api\1.1.2\apiguardian-api-1.1.2.jar;C:\Users\91998\.m2\repository\org\junit\jupiter\junit-jupiter-engine\5.9.1\junit-jupiter-engine-5.9.1.jar;C:\Users\91998\.m2\repository\org\junit\platform\junit-platform-engine\1.9.1\junit-platform-engine-1.9.1.jar;"/>
    <property name="git.branch" value="azure"/>
    <property name="git.build.host" value="DESKTOP-54ROL69"/>
    <property name="java.vm.vendor" value="Microsoft"/>
    <property name="sun.arch.data.model" value="64"/>
    <property name="user.variant" value=""/>
    <property name="git.commit.id" value="44e6a1799bacb9cb0ebfb7bbc01d433df924022b"/>
    <property name="java.vendor.url" value="https://www.microsoft.com"/>
    <property name="user.timezone" value="America/Los_Angeles"/>
    <property name="java.vm.specification.version" value="17"/>
    <property name="os.name" value="Windows 11"/>
    <property name="git.commit.author.time" value="2024-01-17T21:32:42-0800"/>
    <property name="sun.java.launcher" value="SUN_STANDARD"/>
    <property name="user.country" value="IN"/>
    <property name="git.build.user.name" value="Brahmeswara"/>
    <property name="sun.boot.library.path" value="C:\Program Files\Microsoft\jdk-17.0.8.101-hotspot\bin"/>
    <property name="sun.java.command" value="C:\Users\91998\AppData\Local\Temp\surefire15955301080389999740\surefirebooter16324697715820069863.jar C:\Users\91998\AppData\Local\Temp\surefire15955301080389999740 2024-02-11T23-40-35_983-jvmRun1 surefire2178985985928031988tmp surefire_26088242898669267684tmp"/>
    <property name="jdk.debug" value="release"/>
    <property name="surefire.test.class.path" value="C:\Users\91998\azure\otel\PetClinic-modified\spring-petclinic-visits-service\target\test-classes;C:\Users\91998\azure\otel\PetClinic-modified\spring-petclinic-visits-service\target\classes;C:\Users\91998\.m2\repository\org\springframework\boot\spring-boot-starter-actuator\3.0.1\spring-boot-starter-actuator-3.0.1.jar;C:\Users\91998\.m2\repository\org\springframework\boot\spring-boot-starter\3.0.1\spring-boot-starter-3.0.1.jar;C:\Users\91998\.m2\repository\org\springframework\boot\spring-boot\3.0.1\spring-boot-3.0.1.jar;C:\Users\91998\.m2\repository\org\springframework\boot\spring-boot-autoconfigure\3.0.1\spring-boot-autoconfigure-3.0.1.jar;C:\Users\91998\.m2\repository\org\springframework\boot\spring-boot-starter-logging\3.0.1\spring-boot-starter-logging-3.0.1.jar;C:\Users\91998\.m2\repository\ch\qos\logback\logback-classic\1.4.5\logback-classic-1.4.5.jar;C:\Users\91998\.m2\repository\ch\qos\logback\logback-core\1.4.5\logback-core-1.4.5.jar;C:\Users\91998\.m2\repository\org\apache\logging\log4j\log4j-to-slf4j\2.19.0\log4j-to-slf4j-2.19.0.jar;C:\Users\91998\.m2\repository\org\apache\logging\log4j\log4j-api\2.19.0\log4j-api-2.19.0.jar;C:\Users\91998\.m2\repository\org\slf4j\jul-to-slf4j\2.0.6\jul-to-slf4j-2.0.6.jar;C:\Users\91998\.m2\repository\jakarta\annotation\jakarta.annotation-api\2.1.1\jakarta.annotation-api-2.1.1.jar;C:\Users\91998\.m2\repository\org\yaml\snakeyaml\1.33\snakeyaml-1.33.jar;C:\Users\91998\.m2\repository\org\springframework\boot\spring-boot-actuator-autoconfigure\3.0.1\spring-boot-actuator-autoconfigure-3.0.1.jar;C:\Users\91998\.m2\repository\org\springframework\boot\spring-boot-actuator\3.0.1\spring-boot-actuator-3.0.1.jar;C:\Users\91998\.m2\repository\com\fasterxml\jackson\datatype\jackson-datatype-jsr310\2.14.1\jackson-datatype-jsr310-2.14.1.jar;C:\Users\91998\.m2\repository\io\micrometer\micrometer-observation\1.10.2\micrometer-observation-1.10.2.jar;C:\Users\91998\.m2\repository\io\micrometer\micrometer-commons\1.10.2\micrometer-commons-1.10.2.jar;C:\Users\91998\.m2\repository\io\micrometer\micrometer-core\1.10.2\micrometer-core-1.10.2.jar;C:\Users\91998\.m2\repository\org\hdrhistogram\HdrHistogram\2.1.12\HdrHistogram-2.1.12.jar;C:\Users\91998\.m2\repository\org\latencyutils\LatencyUtils\2.0.3\LatencyUtils-2.0.3.jar;C:\Users\91998\.m2\repository\org\springframework\boot\spring-boot-starter-data-jpa\3.0.1\spring-boot-starter-data-jpa-3.0.1.jar;C:\Users\91998\.m2\repository\org\springframework\boot\spring-boot-starter-aop\3.0.1\spring-boot-starter-aop-3.0.1.jar;C:\Users\91998\.m2\repository\org\springframework\spring-aop\6.0.3\spring-aop-6.0.3.jar;C:\Users\91998\.m2\repository\org\springframework\boot\spring-boot-starter-jdbc\3.0.1\spring-boot-starter-jdbc-3.0.1.jar;C:\Users\91998\.m2\repository\com\zaxxer\HikariCP\5.0.1\HikariCP-5.0.1.jar;C:\Users\91998\.m2\repository\org\springframework\spring-jdbc\6.0.3\spring-jdbc-6.0.3.jar;C:\Users\91998\.m2\repository\org\hibernate\orm\hibernate-core\6.1.6.Final\hibernate-core-6.1.6.Final.jar;C:\Users\91998\.m2\repository\jakarta\persistence\jakarta.persistence-api\3.1.0\jakarta.persistence-api-3.1.0.jar;C:\Users\91998\.m2\repository\jakarta\transaction\jakarta.transaction-api\2.0.1\jakarta.transaction-api-2.0.1.jar;C:\Users\91998\.m2\repository\org\jboss\logging\jboss-logging\3.5.0.Final\jboss-logging-3.5.0.Final.jar;C:\Users\91998\.m2\repository\org\hibernate\common\hibernate-commons-annotations\6.0.2.Final\hibernate-commons-annotations-6.0.2.Final.jar;C:\Users\91998\.m2\repository\org\jboss\jandex\2.4.2.Final\jandex-2.4.2.Final.jar;C:\Users\91998\.m2\repository\com\fasterxml\classmate\1.5.1\classmate-1.5.1.jar;C:\Users\91998\.m2\repository\net\bytebuddy\byte-buddy\1.12.20\byte-buddy-1.12.20.jar;C:\Users\91998\.m2\repository\org\glassfish\jaxb\jaxb-runtime\4.0.1\jaxb-runtime-4.0.1.jar;C:\Users\91998\.m2\repository\org\glassfish\jaxb\jaxb-core\4.0.1\jaxb-core-4.0.1.jar;C:\Users\91998\.m2\repository\org\eclipse\angus\angus-activation\1.0.0\angus-activation-1.0.0.jar;C:\Users\91998\.m2\repository\org\glassfish\jaxb\txw2\4.0.1\txw2-4.0.1.jar;C:\Users\91998\.m2\repository\com\sun\istack\istack-commons-runtime\4.1.1\istack-commons-runtime-4.1.1.jar;C:\Users\91998\.m2\repository\jakarta\inject\jakarta.inject-api\2.0.0\jakarta.inject-api-2.0.0.jar;C:\Users\91998\.m2\repository\org\antlr\antlr4-runtime\4.10.1\antlr4-runtime-4.10.1.jar;C:\Users\91998\.m2\repository\org\springframework\data\spring-data-jpa\3.0.0\spring-data-jpa-3.0.0.jar;C:\Users\91998\.m2\repository\org\springframework\data\spring-data-commons\3.0.0\spring-data-commons-3.0.0.jar;C:\Users\91998\.m2\repository\org\springframework\spring-orm\6.0.3\spring-orm-6.0.3.jar;C:\Users\91998\.m2\repository\org\springframework\spring-context\6.0.3\spring-context-6.0.3.jar;C:\Users\91998\.m2\repository\org\springframework\spring-tx\6.0.3\spring-tx-6.0.3.jar;C:\Users\91998\.m2\repository\org\springframework\spring-beans\6.0.3\spring-beans-6.0.3.jar;C:\Users\91998\.m2\repository\org\slf4j\slf4j-api\2.0.6\slf4j-api-2.0.6.jar;C:\Users\91998\.m2\repository\org\springframework\spring-aspects\6.0.3\spring-aspects-6.0.3.jar;C:\Users\91998\.m2\repository\org\springframework\boot\spring-boot-starter-web\3.0.1\spring-boot-starter-web-3.0.1.jar;C:\Users\91998\.m2\repository\org\springframework\boot\spring-boot-starter-json\3.0.1\spring-boot-starter-json-3.0.1.jar;C:\Users\91998\.m2\repository\com\fasterxml\jackson\datatype\jackson-datatype-jdk8\2.14.1\jackson-datatype-jdk8-2.14.1.jar;C:\Users\91998\.m2\repository\com\fasterxml\jackson\module\jackson-module-parameter-names\2.14.1\jackson-module-parameter-names-2.14.1.jar;C:\Users\91998\.m2\repository\org\springframework\boot\spring-boot-starter-tomcat\3.0.1\spring-boot-starter-tomcat-3.0.1.jar;C:\Users\91998\.m2\repository\org\apache\tomcat\embed\tomcat-embed-core\10.1.4\tomcat-embed-core-10.1.4.jar;C:\Users\91998\.m2\repository\org\apache\tomcat\embed\tomcat-embed-el\10.1.4\tomcat-embed-el-10.1.4.jar;C:\Users\91998\.m2\repository\org\apache\tomcat\embed\tomcat-embed-websocket\10.1.4\tomcat-embed-websocket-10.1.4.jar;C:\Users\91998\.m2\repository\org\springframework\spring-web\6.0.3\spring-web-6.0.3.jar;C:\Users\91998\.m2\repository\org\springframework\spring-webmvc\6.0.3\spring-webmvc-6.0.3.jar;C:\Users\91998\.m2\repository\org\springframework\spring-expression\6.0.3\spring-expression-6.0.3.jar;C:\Users\91998\.m2\repository\org\springframework\boot\spring-boot-starter-test\3.0.1\spring-boot-starter-test-3.0.1.jar;C:\Users\91998\.m2\repository\org\springframework\boot\spring-boot-test\3.0.1\spring-boot-test-3.0.1.jar;C:\Users\91998\.m2\repository\org\springframework\boot\spring-boot-test-autoconfigure\3.0.1\spring-boot-test-autoconfigure-3.0.1.jar;C:\Users\91998\.m2\repository\com\jayway\jsonpath\json-path\2.7.0\json-path-2.7.0.jar;C:\Users\91998\.m2\repository\net\minidev\json-smart\2.4.8\json-smart-2.4.8.jar;C:\Users\91998\.m2\repository\net\minidev\accessors-smart\2.4.8\accessors-smart-2.4.8.jar;C:\Users\91998\.m2\repository\org\ow2\asm\asm\9.1\asm-9.1.jar;C:\Users\91998\.m2\repository\jakarta\xml\bind\jakarta.xml.bind-api\4.0.0\jakarta.xml.bind-api-4.0.0.jar;C:\Users\91998\.m2\repository\jakarta\activation\jakarta.activation-api\2.1.0\jakarta.activation-api-2.1.0.jar;C:\Users\91998\.m2\repository\org\assertj\assertj-core\3.17.1\assertj-core-3.17.1.jar;C:\Users\91998\.m2\repository\org\hamcrest\hamcrest\2.2\hamcrest-2.2.jar;C:\Users\91998\.m2\repository\org\junit\jupiter\junit-jupiter\5.9.1\junit-jupiter-5.9.1.jar;C:\Users\91998\.m2\repository\org\junit\jupiter\junit-jupiter-params\5.9.1\junit-jupiter-params-5.9.1.jar;C:\Users\91998\.m2\repository\org\mockito\mockito-core\4.8.1\mockito-core-4.8.1.jar;C:\Users\91998\.m2\repository\net\bytebuddy\byte-buddy-agent\1.12.20\byte-buddy-agent-1.12.20.jar;C:\Users\91998\.m2\repository\org\objenesis\objenesis\3.2\objenesis-3.2.jar;C:\Users\91998\.m2\repository\org\mockito\mockito-junit-jupiter\4.8.1\mockito-junit-jupiter-4.8.1.jar;C:\Users\91998\.m2\repository\org\skyscreamer\jsonassert\1.5.1\jsonassert-1.5.1.jar;C:\Users\91998\.m2\repository\com\vaadin\external\google\android-json\0.0.20131108.vaadin1\android-json-0.0.20131108.vaadin1.jar;C:\Users\91998\.m2\repository\org\springframework\spring-core\6.0.3\spring-core-6.0.3.jar;C:\Users\91998\.m2\repository\org\springframework\spring-jcl\6.0.3\spring-jcl-6.0.3.jar;C:\Users\91998\.m2\repository\org\springframework\spring-test\6.0.3\spring-test-6.0.3.jar;C:\Users\91998\.m2\repository\org\xmlunit\xmlunit-core\2.9.0\xmlunit-core-2.9.0.jar;C:\Users\91998\.m2\repository\org\springframework\cloud\spring-cloud-starter-bootstrap\4.0.0\spring-cloud-starter-bootstrap-4.0.0.jar;C:\Users\91998\.m2\repository\org\springframework\cloud\spring-cloud-starter\4.0.0\spring-cloud-starter-4.0.0.jar;C:\Users\91998\.m2\repository\org\springframework\cloud\spring-cloud-context\4.0.0\spring-cloud-context-4.0.0.jar;C:\Users\91998\.m2\repository\org\springframework\security\spring-security-crypto\6.0.1\spring-security-crypto-6.0.1.jar;C:\Users\91998\.m2\repository\org\springframework\cloud\spring-cloud-commons\4.0.0\spring-cloud-commons-4.0.0.jar;C:\Users\91998\.m2\repository\org\springframework\security\spring-security-rsa\1.0.11.RELEASE\spring-security-rsa-1.0.11.RELEASE.jar;C:\Users\91998\.m2\repository\org\bouncycastle\bcpkix-jdk15on\1.69\bcpkix-jdk15on-1.69.jar;C:\Users\91998\.m2\repository\org\bouncycastle\bcprov-jdk15on\1.69\bcprov-jdk15on-1.69.jar;C:\Users\91998\.m2\repository\org\bouncycastle\bcutil-jdk15on\1.69\bcutil-jdk15on-1.69.jar;C:\Users\91998\.m2\repository\org\springframework\cloud\spring-cloud-starter-config\4.0.0\spring-cloud-starter-config-4.0.0.jar;C:\Users\91998\.m2\repository\org\springframework\cloud\spring-cloud-config-client\4.0.0\spring-cloud-config-client-4.0.0.jar;C:\Users\91998\.m2\repository\com\fasterxml\jackson\core\jackson-annotations\2.14.1\jackson-annotations-2.14.1.jar;C:\Users\91998\.m2\repository\org\apache\httpcomponents\client5\httpclient5\5.1.4\httpclient5-5.1.4.jar;C:\Users\91998\.m2\repository\org\apache\httpcomponents\core5\httpcore5\5.1.5\httpcore5-5.1.5.jar;C:\Users\91998\.m2\repository\org\apache\httpcomponents\core5\httpcore5-h2\5.1.5\httpcore5-h2-5.1.5.jar;C:\Users\91998\.m2\repository\commons-codec\commons-codec\1.15\commons-codec-1.15.jar;C:\Users\91998\.m2\repository\com\fasterxml\jackson\core\jackson-databind\2.14.1\jackson-databind-2.14.1.jar;C:\Users\91998\.m2\repository\com\fasterxml\jackson\core\jackson-core\2.14.1\jackson-core-2.14.1.jar;C:\Users\91998\.m2\repository\org\springframework\cloud\spring-cloud-starter-netflix-eureka-client\4.0.0\spring-cloud-starter-netflix-eureka-client-4.0.0.jar;C:\Users\91998\.m2\repository\org\springframework\cloud\spring-cloud-netflix-eureka-client\4.0.0\spring-cloud-netflix-eureka-client-4.0.0.jar;C:\Users\91998\.m2\repository\com\netflix\eureka\eureka-client\2.0.0\eureka-client-2.0.0.jar;C:\Users\91998\.m2\repository\com\netflix\netflix-commons\netflix-eventbus\0.3.0\netflix-eventbus-0.3.0.jar;C:\Users\91998\.m2\repository\com\netflix\netflix-commons\netflix-infix\0.3.0\netflix-infix-0.3.0.jar;C:\Users\91998\.m2\repository\commons-jxpath\commons-jxpath\1.3\commons-jxpath-1.3.jar;C:\Users\91998\.m2\repository\joda-time\joda-time\2.3\joda-time-2.3.jar;C:\Users\91998\.m2\repository\org\antlr\antlr-runtime\3.4\antlr-runtime-3.4.jar;C:\Users\91998\.m2\repository\org\antlr\stringtemplate\3.2.1\stringtemplate-3.2.1.jar;C:\Users\91998\.m2\repository\antlr\antlr\2.7.7\antlr-2.7.7.jar;C:\Users\91998\.m2\repository\com\google\code\gson\gson\2.9.1\gson-2.9.1.jar;C:\Users\91998\.m2\repository\org\apache\commons\commons-math\2.2\commons-math-2.2.jar;C:\Users\91998\.m2\repository\com\thoughtworks\xstream\xstream\1.4.19\xstream-1.4.19.jar;C:\Users\91998\.m2\repository\io\github\x-stream\mxparser\1.2.2\mxparser-1.2.2.jar;C:\Users\91998\.m2\repository\xmlpull\xmlpull\1.1.3.1\xmlpull-1.1.3.1.jar;C:\Users\91998\.m2\repository\jakarta\ws\rs\jakarta.ws.rs-api\3.1.0\jakarta.ws.rs-api-3.1.0.jar;C:\Users\91998\.m2\repository\com\netflix\servo\servo-core\0.12.21\servo-core-0.12.21.jar;C:\Users\91998\.m2\repository\com\google\guava\guava\19.0\guava-19.0.jar;C:\Users\91998\.m2\repository\org\apache\httpcomponents\httpclient\4.5.14\httpclient-4.5.14.jar;C:\Users\91998\.m2\repository\org\apache\httpcomponents\httpcore\4.4.16\httpcore-4.4.16.jar;C:\Users\91998\.m2\repository\commons-configuration\commons-configuration\1.10\commons-configuration-1.10.jar;C:\Users\91998\.m2\repository\commons-lang\commons-lang\2.6\commons-lang-2.6.jar;C:\Users\91998\.m2\repository\org\codehaus\jettison\jettison\1.4.0\jettison-1.4.0.jar;C:\Users\91998\.m2\repository\com\netflix\eureka\eureka-core\2.0.0\eureka-core-2.0.0.jar;C:\Users\91998\.m2\repository\jakarta\servlet\jakarta.servlet-api\6.0.0\jakarta.servlet-api-6.0.0.jar;C:\Users\91998\.m2\repository\com\fasterxml\woodstox\woodstox-core\6.2.1\woodstox-core-6.2.1.jar;C:\Users\91998\.m2\repository\org\codehaus\woodstox\stax2-api\4.2.1\stax2-api-4.2.1.jar;C:\Users\91998\.m2\repository\org\springframework\cloud\spring-cloud-starter-loadbalancer\4.0.0\spring-cloud-starter-loadbalancer-4.0.0.jar;C:\Users\91998\.m2\repository\org\springframework\cloud\spring-cloud-loadbalancer\4.0.0\spring-cloud-loadbalancer-4.0.0.jar;C:\Users\91998\.m2\repository\io\projectreactor\reactor-core\3.5.1\reactor-core-3.5.1.jar;C:\Users\91998\.m2\repository\org\reactivestreams\reactive-streams\1.0.4\reactive-streams-1.0.4.jar;C:\Users\91998\.m2\repository\io\projectreactor\addons\reactor-extra\3.5.0\reactor-extra-3.5.0.jar;C:\Users\91998\.m2\repository\org\springframework\boot\spring-boot-starter-cache\3.0.1\spring-boot-starter-cache-3.0.1.jar;C:\Users\91998\.m2\repository\org\springframework\spring-context-support\6.0.3\spring-context-support-6.0.3.jar;C:\Users\91998\.m2\repository\com\stoyanr\evictor\1.0.0\evictor-1.0.0.jar;C:\Users\91998\.m2\repository\com\azure\spring\spring-cloud-azure-starter-jdbc-mysql\5.0.0\spring-cloud-azure-starter-jdbc-mysql-5.0.0.jar;C:\Users\91998\.m2\repository\com\azure\spring\spring-cloud-azure-starter\5.0.0\spring-cloud-azure-starter-5.0.0.jar;C:\Users\91998\.m2\repository\com\azure\spring\spring-cloud-azure-autoconfigure\5.0.0\spring-cloud-azure-autoconfigure-5.0.0.jar;C:\Users\91998\.m2\repository\com\azure\spring\spring-cloud-azure-service\5.0.0\spring-cloud-azure-service-5.0.0.jar;C:\Users\91998\.m2\repository\com\azure\spring\spring-cloud-azure-core\5.0.0\spring-cloud-azure-core-5.0.0.jar;C:\Users\91998\.m2\repository\com\azure\azure-core-amqp\2.8.0\azure-core-amqp-2.8.0.jar;C:\Users\91998\.m2\repository\com\microsoft\azure\qpid-proton-j-extensions\1.2.4\qpid-proton-j-extensions-1.2.4.jar;C:\Users\91998\.m2\repository\org\apache\qpid\proton-j\0.33.8\proton-j-0.33.8.jar;C:\Users\91998\.m2\repository\com\azure\azure-core-management\1.9.0\azure-core-management-1.9.0.jar;C:\Users\91998\.m2\repository\jakarta\validation\jakarta.validation-api\3.0.2\jakarta.validation-api-3.0.2.jar;C:\Users\91998\.m2\repository\com\azure\azure-identity-extensions\1.0.0\azure-identity-extensions-1.0.0.jar;C:\Users\91998\.m2\repository\com\azure\azure-identity\1.7.2\azure-identity-1.7.2.jar;C:\Users\91998\.m2\repository\com\azure\azure-core\1.34.0\azure-core-1.34.0.jar;C:\Users\91998\.m2\repository\com\fasterxml\jackson\dataformat\jackson-dataformat-xml\2.14.1\jackson-dataformat-xml-2.14.1.jar;C:\Users\91998\.m2\repository\com\azure\azure-core-http-netty\1.12.7\azure-core-http-netty-1.12.7.jar;C:\Users\91998\.m2\repository\io\netty\netty-handler\4.1.86.Final\netty-handler-4.1.86.Final.jar;C:\Users\91998\.m2\repository\io\netty\netty-common\4.1.86.Final\netty-common-4.1.86.Final.jar;C:\Users\91998\.m2\repository\io\netty\netty-resolver\4.1.86.Final\netty-resolver-4.1.86.Final.jar;C:\Users\91998\.m2\repository\io\netty\netty-transport\4.1.86.Final\netty-transport-4.1.86.Final.jar;C:\Users\91998\.m2\repository\io\netty\netty-codec\4.1.86.Final\netty-codec-4.1.86.Final.jar;C:\Users\91998\.m2\repository\io\netty\netty-handler-proxy\4.1.86.Final\netty-handler-proxy-4.1.86.Final.jar;C:\Users\91998\.m2\repository\io\netty\netty-codec-socks\4.1.86.Final\netty-codec-socks-4.1.86.Final.jar;C:\Users\91998\.m2\repository\io\netty\netty-buffer\4.1.86.Final\netty-buffer-4.1.86.Final.jar;C:\Users\91998\.m2\repository\io\netty\netty-codec-http\4.1.86.Final\netty-codec-http-4.1.86.Final.jar;C:\Users\91998\.m2\repository\io\netty\netty-codec-http2\4.1.86.Final\netty-codec-http2-4.1.86.Final.jar;C:\Users\91998\.m2\repository\io\netty\netty-transport-native-unix-common\4.1.86.Final\netty-transport-native-unix-common-4.1.86.Final.jar;C:\Users\91998\.m2\repository\io\netty\netty-transport-native-epoll\4.1.86.Final\netty-transport-native-epoll-4.1.86.Final-linux-x86_64.jar;C:\Users\91998\.m2\repository\io\netty\netty-transport-classes-epoll\4.1.86.Final\netty-transport-classes-epoll-4.1.86.Final.jar;C:\Users\91998\.m2\repository\io\netty\netty-transport-native-kqueue\4.1.86.Final\netty-transport-native-kqueue-4.1.86.Final-osx-x86_64.jar;C:\Users\91998\.m2\repository\io\netty\netty-transport-classes-kqueue\4.1.86.Final\netty-transport-classes-kqueue-4.1.86.Final.jar;C:\Users\91998\.m2\repository\io\netty\netty-tcnative-boringssl-static\2.0.54.Final\netty-tcnative-boringssl-static-2.0.54.Final.jar;C:\Users\91998\.m2\repository\io\netty\netty-tcnative-classes\2.0.54.Final\netty-tcnative-classes-2.0.54.Final.jar;C:\Users\91998\.m2\repository\io\netty\netty-tcnative-boringssl-static\2.0.54.Final\netty-tcnative-boringssl-static-2.0.54.Final-linux-x86_64.jar;C:\Users\91998\.m2\repository\io\netty\netty-tcnative-boringssl-static\2.0.54.Final\netty-tcnative-boringssl-static-2.0.54.Final-linux-aarch_64.jar;C:\Users\91998\.m2\repository\io\netty\netty-tcnative-boringssl-static\2.0.54.Final\netty-tcnative-boringssl-static-2.0.54.Final-osx-x86_64.jar;C:\Users\91998\.m2\repository\io\netty\netty-tcnative-boringssl-static\2.0.54.Final\netty-tcnative-boringssl-static-2.0.54.Final-osx-aarch_64.jar;C:\Users\91998\.m2\repository\io\netty\netty-tcnative-boringssl-static\2.0.54.Final\netty-tcnative-boringssl-static-2.0.54.Final-windows-x86_64.jar;C:\Users\91998\.m2\repository\io\projectreactor\netty\reactor-netty-http\1.1.1\reactor-netty-http-1.1.1.jar;C:\Users\91998\.m2\repository\io\netty\netty-resolver-dns\4.1.86.Final\netty-resolver-dns-4.1.86.Final.jar;C:\Users\91998\.m2\repository\io\netty\netty-codec-dns\4.1.86.Final\netty-codec-dns-4.1.86.Final.jar;C:\Users\91998\.m2\repository\io\netty\netty-resolver-dns-native-macos\4.1.86.Final\netty-resolver-dns-native-macos-4.1.86.Final-osx-x86_64.jar;C:\Users\91998\.m2\repository\io\netty\netty-resolver-dns-classes-macos\4.1.86.Final\netty-resolver-dns-classes-macos-4.1.86.Final.jar;C:\Users\91998\.m2\repository\io\projectreactor\netty\reactor-netty-core\1.1.1\reactor-netty-core-1.1.1.jar;C:\Users\91998\.m2\repository\com\microsoft\azure\msal4j\1.13.3\msal4j-1.13.3.jar;C:\Users\91998\.m2\repository\com\nimbusds\oauth2-oidc-sdk\9.35\oauth2-oidc-sdk-9.35.jar;C:\Users\91998\.m2\repository\com\github\stephenc\jcip\jcip-annotations\1.0-1\jcip-annotations-1.0-1.jar;C:\Users\91998\.m2\repository\com\nimbusds\content-type\2.2\content-type-2.2.jar;C:\Users\91998\.m2\repository\com\nimbusds\lang-tag\1.6\lang-tag-1.6.jar;C:\Users\91998\.m2\repository\com\nimbusds\nimbus-jose-jwt\9.22\nimbus-jose-jwt-9.22.jar;C:\Users\91998\.m2\repository\com\microsoft\azure\msal4j-persistence-extension\1.1.0\msal4j-persistence-extension-1.1.0.jar;C:\Users\91998\.m2\repository\net\java\dev\jna\jna\5.5.0\jna-5.5.0.jar;C:\Users\91998\.m2\repository\net\java\dev\jna\jna-platform\5.6.0\jna-platform-5.6.0.jar;C:\Users\91998\.m2\repository\org\projectlombok\lombok\1.18.24\lombok-1.18.24.jar;C:\Users\91998\.m2\repository\org\postgresql\postgresql\42.5.1\postgresql-42.5.1.jar;C:\Users\91998\.m2\repository\org\checkerframework\checker-qual\3.5.0\checker-qual-3.5.0.jar;C:\Users\91998\.m2\repository\org\hsqldb\hsqldb\2.7.1\hsqldb-2.7.1.jar;C:\Users\91998\.m2\repository\org\jolokia\jolokia-core\1.7.1\jolokia-core-1.7.1.jar;C:\Users\91998\.m2\repository\com\googlecode\json-simple\json-simple\1.1.1\json-simple-1.1.1.jar;C:\Users\91998\.m2\repository\com\mysql\mysql-connector-j\8.0.31\mysql-connector-j-8.0.31.jar;C:\Users\91998\.m2\repository\io\micrometer\micrometer-registry-prometheus\1.10.2\micrometer-registry-prometheus-1.10.2.jar;C:\Users\91998\.m2\repository\io\prometheus\simpleclient_common\0.16.0\simpleclient_common-0.16.0.jar;C:\Users\91998\.m2\repository\io\prometheus\simpleclient\0.16.0\simpleclient-0.16.0.jar;C:\Users\91998\.m2\repository\io\prometheus\simpleclient_tracer_otel\0.16.0\simpleclient_tracer_otel-0.16.0.jar;C:\Users\91998\.m2\repository\io\prometheus\simpleclient_tracer_common\0.16.0\simpleclient_tracer_common-0.16.0.jar;C:\Users\91998\.m2\repository\io\prometheus\simpleclient_tracer_otel_agent\0.16.0\simpleclient_tracer_otel_agent-0.16.0.jar;C:\Users\91998\.m2\repository\de\codecentric\chaos-monkey-spring-boot\2.3.10\chaos-monkey-spring-boot-2.3.10.jar;C:\Users\91998\.m2\repository\org\springframework\spring-instrument\6.0.3\spring-instrument-6.0.3.jar;C:\Users\91998\.m2\repository\org\aspectj\aspectjweaver\1.9.19\aspectjweaver-1.9.19.jar;C:\Users\91998\.m2\repository\org\springframework\boot\spring-boot-starter-validation\3.0.1\spring-boot-starter-validation-3.0.1.jar;C:\Users\91998\.m2\repository\org\hibernate\validator\hibernate-validator\8.0.0.Final\hibernate-validator-8.0.0.Final.jar;C:\Users\91998\.m2\repository\org\springframework\boot\spring-boot-configuration-processor\3.0.1\spring-boot-configuration-processor-3.0.1.jar;C:\Users\91998\.m2\repository\org\junit\jupiter\junit-jupiter-api\5.9.1\junit-jupiter-api-5.9.1.jar;C:\Users\91998\.m2\repository\org\opentest4j\opentest4j\1.2.0\opentest4j-1.2.0.jar;C:\Users\91998\.m2\repository\org\junit\platform\junit-platform-commons\1.9.1\junit-platform-commons-1.9.1.jar;C:\Users\91998\.m2\repository\org\apiguardian\apiguardian-api\1.1.2\apiguardian-api-1.1.2.jar;C:\Users\91998\.m2\repository\org\junit\jupiter\junit-jupiter-engine\5.9.1\junit-jupiter-engine-5.9.1.jar;C:\Users\91998\.m2\repository\org\junit\platform\junit-platform-engine\1.9.1\junit-platform-engine-1.9.1.jar;"/>
    <property name="sun.cpu.endian" value="little"/>
    <property name="user.home" value="C:\Users\91998"/>
    <property name="user.language" value="en"/>
    <property name="git.closest.tag.commit.count" value=""/>
    <property name="java.specification.vendor" value="Oracle Corporation"/>
    <property name="java.version.date" value="2023-08-24"/>
    <property name="java.home" value="C:\Program Files\Microsoft\jdk-17.0.8.101-hotspot"/>
    <property name="git.total.commit.count" value="1037"/>
    <property name="file.separator" value="\"/>
    <property name="basedir" value="C:\Users\91998\azure\otel\PetClinic-modified\spring-petclinic-visits-service"/>
    <property name="java.vm.compressedOopsMode" value="Zero based"/>
    <property name="line.separator" value="&#10;"/>
    <property name="git.build.user.email" value="brahmeswara.y@gmail.com"/>
    <property name="git.commit.committer.time" value="2024-01-17T21:32:42-0800"/>
    <property name="java.vm.specification.vendor" value="Oracle Corporation"/>
    <property name="java.specification.name" value="Java Platform API Specification"/>
    <property name="git.closest.tag.name" value=""/>
    <property name="git.local.branch.ahead" value="0"/>
    <property name="git.build.time" value="2024-02-11T23:40:56-0800"/>
    <property name="surefire.real.class.path" value="C:\Users\91998\AppData\Local\Temp\surefire15955301080389999740\surefirebooter16324697715820069863.jar"/>
    <property name="git.commit.message.full" value="Update ado-petclinic-build-all.yml for Azure Pipelines&#10;&#10;auto triggering for demo purposes"/>
    <property name="user.script" value=""/>
    <property name="sun.management.compiler" value="HotSpot 64-Bit Tiered Compilers"/>
    <property name="java.runtime.version" value="17.0.8.1+1-LTS"/>
    <property name="user.name" value="91998"/>
    <property name="path.separator" value=";"/>
    <property name="os.version" value="10.0"/>
    <property name="java.runtime.name" value="OpenJDK Runtime Environment"/>
    <property name="file.encoding" value="Cp1252"/>
    <property name="git.commit.user.email" value="brahmeswara.y@mphasis.com"/>
    <property name="java.vm.name" value="OpenJDK 64-Bit Server VM"/>
    <property name="java.vendor.version" value="Microsoft-8297089"/>
    <property name="git.local.branch.behind" value="0"/>
    <property name="git.dirty" value="true"/>
    <property name="localRepository" value="C:\Users\91998\.m2\repository"/>
    <property name="java.vendor.url.bug" value="https://github.com/microsoft/openjdk/issues"/>
    <property name="java.io.tmpdir" value="C:\Users\91998\AppData\Local\Temp\"/>
    <property name="java.version" value="17.0.8.1"/>
    <property name="user.dir" value="C:\Users\91998\azure\otel\PetClinic-modified\spring-petclinic-visits-service"/>
    <property name="os.arch" value="amd64"/>
    <property name="git.commit.user.name" value="Brahmeswara Yerrabolu"/>
    <property name="git.commit.id.abbrev" value="44e6a17"/>
    <property name="java.vm.specification.name" value="Java Virtual Machine Specification"/>
    <property name="git.commit.id.describe-short" value="44e6a17-dirty"/>
    <property name="sun.os.patch.level" value=""/>
    <property name="git.commit.id.describe" value="44e6a17-dirty"/>
    <property name="native.encoding" value="Cp1252"/>
    <property name="java.library.path" value="C:\Program Files\Microsoft\jdk-17.0.8.101-hotspot\bin;C:\WINDOWS\Sun\Java\bin;C:\WINDOWS\system32;C:\WINDOWS;C:\Users\91998\bin;C:\Program Files\Git\mingw64\bin;C:\Program Files\Git\usr\local\bin;C:\Program Files\Git\usr\bin;C:\Program Files\Git\usr\bin;C:\Program Files\Git\mingw64\bin;C:\Program Files\Git\usr\bin;C:\Users\91998\bin;C:\Program Files\Microsoft\jdk-17.0.8.101-hotspot\bin;C:\Program Files\Microsoft SDKs\Azure\CLI2\wbin;C:\Python311\Scripts;C:\Python311;C:\apps;C:\apps\Python39\Scripts;C:\apps\Python39;C:\Windows\system32;C:\Windows;C:\Windows\System32\Wbem;C:\Windows\System32\WindowsPowerShell\v1.0;C:\Windows\System32\OpenSSH;C:\Apps\amazon\AWSSAMCLI\bin;C:\Program Files\dotnet;C:\ProgramData\chocolatey\bin;C:\Program Files (x86)\dotnet;C:\apps\Minikube;C:\Apps\Cloud Foundry;C:\WINDOWS\system32;C:\WINDOWS;C:\WINDOWS\System32\Wbem;C:\WINDOWS\System32\WindowsPowerShell\v1.0;C:\WINDOWS\System32\OpenSSH;C:\Program Files\Amazon\AWSCLIV2;C:\apps\nodejs;C:\Program Files (x86)\Yarn\bin;C:\Program Files\Docker\Docker\resources\bin;C:\Program Files\Git\cmd;C:\apps\Ruby27-x64\bin;C:\Users\91998\AppData\Local\Microsoft\WindowsApps;C:\apps\vcode\bin;C:\apps\JetBrains\PyCharm Community Edition 2020.2.3\bin;C:\Apps\amazon\awscli;C:\Apps\amazon\AWSSAMCLI;C:\Users\91998\AppData\Local\GitHubDesktop\bin;C:\Program Files\Git\;C:\Users\91998\.dotnet\tools;C:\Program Files\Microsoft\jdk-17.0.8.101-hotspot\bin;C:\apache-maven-3.8.3\bin;C:\apps\JetBrains\IntelliJ IDEA 2021.2.2\bin;C:\Apps\kafka_2.12-2.8.0\bin\windows;C:\apps;C:\apps\minikube;C:\Program Files\JetBrains\IntelliJ IDEA Community Edition 2021.3.2\bin;C:\Apps\terraform_1.2.4;C:\Users\91998\AppData\Local\Programs\Azure Dev CLI;C:\Users\91998\AppData\Roaming\npm;C:\Users\91998\AppData\Local\Yarn\bin;C:\Users\91998\bin;C:\Users\91998\AppData\Roaming\Python\Python311\Scripts;C:\Users\91998\.azure-kubectl;C:\Users\91998\.azure-kubelogin;C:\Users\91998\AppData\Local\Google\Cloud SDK\google-cloud-sdk\bin;C:\Program Files\Git\usr\bin\vendor_perl;C:\Program Files\Git\usr\bin\core_perl;."/>
    <property name="git.commit.message.short" value="Update ado-petclinic-build-all.yml for Azure Pipelines"/>
    <property name="java.vm.info" value="mixed mode, sharing"/>
    <property name="java.vendor" value="Microsoft"/>
    <property name="java.vm.version" value="17.0.8.1+1-LTS"/>
    <property name="sun.io.unicode.encoding" value="UnicodeLittle"/>
    <property name="java.class.version" value="61.0"/>
    <property name="git.commit.time" value="2024-01-17T21:32:42-0800"/>
    <property name="git.remote.origin.url" value="https://FXSparkle@dev.azure.com/FXSparkle/SpringFX/_git/PetClinic"/>
  </properties>
  <testcase name="shouldFetchVisits" classname="org.springframework.samples.petclinic.visits.web.VisitResourceTest" time="0.202"/>
</testsuite>